<?xml version="1.0" encoding="UTF-8"?>
<testng-results skipped="0" failed="0" total="1" passed="1">
  <reporter-output>
  </reporter-output>
  <suite name="Default suite" duration-ms="10559" started-at="2020-05-09T01:36:43Z" finished-at="2020-05-09T01:36:53Z">
    <groups>
    </groups>
    <test name="Default test" duration-ms="10559" started-at="2020-05-09T01:36:43Z" finished-at="2020-05-09T01:36:53Z">
      <class name="com.awstechguide.automation.AppTest">
        <test-method status="PASS" signature="testSetup()[pri:0, instance:com.awstechguide.automation.AppTest@105fece7]" name="testSetup" is-config="true" duration-ms="4323" started-at="2020-05-08T21:36:43Z" finished-at="2020-05-08T21:36:47Z">
          <reporter-output>
          </reporter-output>
        </test-method> <!-- testSetup -->
        <test-method status="PASS" signature="testURL2()[pri:0, instance:com.awstechguide.automation.AppTest@105fece7]" name="testURL2" duration-ms="4663" started-at="2020-05-08T21:36:47Z" finished-at="2020-05-08T21:36:52Z">
          <reporter-output>
          </reporter-output>
        </test-method> <!-- testURL2 -->
        <test-method status="PASS" signature="tearDown()[pri:0, instance:com.awstechguide.automation.AppTest@105fece7]" name="tearDown" is-config="true" duration-ms="1544" started-at="2020-05-08T21:36:52Z" finished-at="2020-05-08T21:36:53Z">
          <reporter-output>
          </reporter-output>
        </test-method> <!-- tearDown -->
      </class> <!-- com.awstechguide.automation.AppTest -->
    </test> <!-- Default test -->
  </suite> <!-- Default suite -->
</testng-results>
