<?xml version="1.0" encoding="UTF-8"?>
<testng-results skipped="0" failed="0" total="1" passed="1">
  <reporter-output>
  </reporter-output>
  <suite name="Default suite" duration-ms="13977" started-at="2020-05-10T01:33:43Z" finished-at="2020-05-10T01:33:57Z">
    <groups>
    </groups>
    <test name="Default test" duration-ms="13977" started-at="2020-05-10T01:33:43Z" finished-at="2020-05-10T01:33:57Z">
      <class name="com.awstechguide.automation.AppTest">
        <test-method status="PASS" signature="testSetup()[pri:0, instance:com.awstechguide.automation.AppTest@105fece7]" name="testSetup" is-config="true" duration-ms="4320" started-at="2020-05-09T21:33:43Z" finished-at="2020-05-09T21:33:48Z">
          <reporter-output>
          </reporter-output>
        </test-method> <!-- testSetup -->
        <test-method status="PASS" signature="testURL2()[pri:0, instance:com.awstechguide.automation.AppTest@105fece7]" name="testURL2" duration-ms="8097" started-at="2020-05-09T21:33:48Z" finished-at="2020-05-09T21:33:56Z">
          <reporter-output>
          </reporter-output>
        </test-method> <!-- testURL2 -->
        <test-method status="PASS" signature="tearDown()[pri:0, instance:com.awstechguide.automation.AppTest@105fece7]" name="tearDown" is-config="true" duration-ms="1545" started-at="2020-05-09T21:33:56Z" finished-at="2020-05-09T21:33:57Z">
          <reporter-output>
          </reporter-output>
        </test-method> <!-- tearDown -->
      </class> <!-- com.awstechguide.automation.AppTest -->
    </test> <!-- Default test -->
  </suite> <!-- Default suite -->
</testng-results>
