<?xml version="1.0" encoding="UTF-8"?>
<testng-results skipped="0" failed="0" total="1" passed="1">
  <reporter-output>
  </reporter-output>
  <suite name="Default suite" duration-ms="2975" started-at="2020-05-11T14:45:14Z" finished-at="2020-05-11T14:45:17Z">
    <groups>
    </groups>
    <test name="Default test" duration-ms="2975" started-at="2020-05-11T14:45:14Z" finished-at="2020-05-11T14:45:17Z">
      <class name="com.awstechguide.automation.AppTest2">
        <test-method status="PASS" signature="test1()[pri:0, instance:com.awstechguide.automation.AppTest2@75f9eccc]" name="test1" duration-ms="2958" started-at="2020-05-11T10:45:14Z" finished-at="2020-05-11T10:45:17Z">
          <reporter-output>
          </reporter-output>
        </test-method> <!-- test1 -->
      </class> <!-- com.awstechguide.automation.AppTest2 -->
    </test> <!-- Default test -->
  </suite> <!-- Default suite -->
</testng-results>
