<?xml version="1.0" encoding="UTF-8"?>
<testng-results skipped="0" failed="0" total="1" passed="1">
  <reporter-output>
  </reporter-output>
  <suite name="Default suite" duration-ms="3203" started-at="2020-05-11T14:14:48Z" finished-at="2020-05-11T14:14:51Z">
    <groups>
    </groups>
    <test name="Default test" duration-ms="3203" started-at="2020-05-11T14:14:48Z" finished-at="2020-05-11T14:14:51Z">
      <class name="com.awstechguide.automation.AppTest">
        <test-method status="PASS" signature="testURL2()[pri:0, instance:com.awstechguide.automation.AppTest@67e2d983]" name="testURL2" duration-ms="3187" started-at="2020-05-11T10:14:48Z" finished-at="2020-05-11T10:14:51Z">
          <reporter-output>
          </reporter-output>
        </test-method> <!-- testURL2 -->
      </class> <!-- com.awstechguide.automation.AppTest -->
    </test> <!-- Default test -->
  </suite> <!-- Default suite -->
</testng-results>
